[1;32mamazon-ebs.rhel-8: output will be in this color.[0m

[1;32m==> amazon-ebs.rhel-8: skip_create_ami was set; not prevalidating AMI name[0m
[1;32m==> amazon-ebs.rhel-8: Found Image ID: ami-044ae8b12299e7d5f[0m
[1;32m==> amazon-ebs.rhel-8: Creating temporary keypair: packer_68b67efb-87ed-a8bc-8d47-957c74775f0e[0m
[1;32m==> amazon-ebs.rhel-8: Creating temporary security group for this instance: packer_68b67efb-be05-a8a0-3989-9443cfedd14f[0m
[1;32m==> amazon-ebs.rhel-8: Authorizing access to port 22 from [0.0.0.0/0] in the temporary security groups...[0m
[1;32m==> amazon-ebs.rhel-8: Launching a spot AWS instance...[0m
[1;32m==> amazon-ebs.rhel-8: Interpolating tags for spot instance...[0m
[1;32m==> amazon-ebs.rhel-8: Adding tag: "Owner": "jk"[0m
[1;32m==> amazon-ebs.rhel-8: Adding tag: "Purpose": "Automated QueryPie Installer"[0m
[1;32m==> amazon-ebs.rhel-8: Adding tag: "Version": "11.1.2"[0m
[1;32m==> amazon-ebs.rhel-8: Adding tag: "BuildDate": "20250902052202"[0m
[1;32m==> amazon-ebs.rhel-8: Adding tag: "CreatedBy": "Packer"[0m
[1;32m==> amazon-ebs.rhel-8: Adding tag: "Name": "RHEL8-Installer-11.1.2"[0m
[1;32m==> amazon-ebs.rhel-8: Loading User Data File...[0m
[1;32m==> amazon-ebs.rhel-8: Creating Spot Fleet launch template...[0m
[1;32m==> amazon-ebs.rhel-8: Created Spot Fleet launch template: lt-00de9d4b42e1b05bb[0m
[1;32m==> amazon-ebs.rhel-8: Instance ID: i-073555a5048ef95c8[0m
[1;32m==> amazon-ebs.rhel-8: Waiting for instance (i-073555a5048ef95c8) to become ready...[0m
[1;32m==> amazon-ebs.rhel-8: Using SSH communicator to connect: 3.34.45.21[0m
[1;32m==> amazon-ebs.rhel-8: Waiting for SSH to become available...[0m
[1;32m==> amazon-ebs.rhel-8: Connected to SSH![0m
[1;32m==> amazon-ebs.rhel-8: Provisioning with shell script: /var/folders/9h/bj4nh9ss6pq0_2bkd39t0p0w0000gn/T/packer-shell4174839538[0m
[1;31m==> amazon-ebs.rhel-8: + cloud-init status --wait[0m
[1;32m==> amazon-ebs.rhel-8:[0m
[1;32m==> amazon-ebs.rhel-8: status: done[0m
[1;32m==> amazon-ebs.rhel-8: Uploading ../scripts/ => /tmp/[0m
[1;32m==> amazon-ebs.rhel-8: Provisioning with shell script: /var/folders/9h/bj4nh9ss6pq0_2bkd39t0p0w0000gn/T/packer-shell3358165861[0m
[1;31m==> amazon-ebs.rhel-8: + /tmp/install-docker-on-rhel.sh[0m
[1;31m==> amazon-ebs.rhel-8: + packages=(docker-ce docker-ce-cli containerd.io docker-compose-plugin docker-ce-rootless-extras docker-buildx-plugin docker-model-plugin)[0m
[1;31m==> amazon-ebs.rhel-8: + main[0m
[1;31m==> amazon-ebs.rhel-8: + test_if_docker_installed_already[0m
[1;31m==> amazon-ebs.rhel-8: + ps ux[0m
[1;31m==> amazon-ebs.rhel-8: + id -Gn[0m
[1;32m==> amazon-ebs.rhel-8: USER         PID %CPU %MEM    VSZ   RSS TTY      STAT START   TIME COMMAND[0m
[1;32m==> amazon-ebs.rhel-8: ec2-user    4947  2.0  0.0  89560  9596 ?        Ss   05:22   0:00 /usr/lib/systemd/systemd --user[0m
[1;32m==> amazon-ebs.rhel-8: ec2-user    4951  0.0  0.0 236892  5344 ?        S    05:22   0:00 (sd-pam)[0m
[1;32m==> amazon-ebs.rhel-8: ec2-user    4957  1.0  0.0 136992  6056 ?        S    05:22   0:00 sshd: ec2-user@notty[0m
[1;32m==> amazon-ebs.rhel-8: ec2-user    5224  0.0  0.0  12808  3356 ?        Ss   05:22   0:00 bash -c chmod +x /tmp/script_5033.sh; PACKER_BUILDER_TYPE='amazon-ebs' PACKER_BUILD_NAME='rhel-8'  /tmp/script_5033.sh[0m
[1;32m==> amazon-ebs.rhel-8: ec2-user    5242  0.0  0.0  12808  3072 ?        S    05:22   0:00 /bin/bash -ex /tmp/script_5033.sh[0m
[1;32m==> amazon-ebs.rhel-8: ec2-user    5243  0.0  0.0  12808  3092 ?        S    05:22   0:00 bash /tmp/install-docker-on-rhel.sh[0m
[1;32m==> amazon-ebs.rhel-8: ec2-user    5244  0.0  0.0  47712  3828 ?        R    05:22   0:00 ps ux[0m
[1;32m==> amazon-ebs.rhel-8: ec2-user adm systemd-journal[0m
[1;31m==> amazon-ebs.rhel-8: + docker ps[0m
[1;31m==> amazon-ebs.rhel-8: /tmp/install-docker-on-rhel.sh: line 34: docker: command not found[0m
[1;31m==> amazon-ebs.rhel-8: + install_docker_and_compose[0m
[1;31m==> amazon-ebs.rhel-8: + sudo dnf -y -q --setopt=install_weak_deps=False install dnf-plugins-core[0m
[1;31m==> amazon-ebs.rhel-8: + sudo rm -f /etc/yum.repos.d/docker-ce.repo /etc/yum.repos.d/docker-ce-staging.repo[0m
[1;31m==> amazon-ebs.rhel-8: + sudo dnf config-manager --add-repo https://download.docker.com/linux/rhel/docker-ce.repo[0m
[1;31m==> amazon-ebs.rhel-8: + sudo dnf makecache[0m
[1;32m==> amazon-ebs.rhel-8: Updating Subscription Management repositories.[0m
[1;32m==> amazon-ebs.rhel-8: Unable to read consumer identity[0m
[1;32m==> amazon-ebs.rhel-8:[0m
[1;32m==> amazon-ebs.rhel-8: This system is not registered with an entitlement server. You can use subscription-manager to register.[0m
[1;32m==> amazon-ebs.rhel-8:[0m
[1;32m==> amazon-ebs.rhel-8: Adding repo from: https://download.docker.com/linux/rhel/docker-ce.repo[0m
[1;32m==> amazon-ebs.rhel-8: Updating Subscription Management repositories.[0m
[1;32m==> amazon-ebs.rhel-8: Unable to read consumer identity[0m
[1;32m==> amazon-ebs.rhel-8:[0m
[1;32m==> amazon-ebs.rhel-8: This system is not registered with an entitlement server. You can use subscription-manager to register.[0m
[1;32m==> amazon-ebs.rhel-8:[0m
[1;32m==> amazon-ebs.rhel-8: Docker CE Stable - x86_64                       831 kB/s |  43 kB     00:00[0m
[1;32m==> amazon-ebs.rhel-8: Red Hat Enterprise Linux 8 for x86_64 - AppStre 111 kB/s | 4.5 kB     00:00[0m
[1;32m==> amazon-ebs.rhel-8: Red Hat Enterprise Linux 8 for x86_64 - BaseOS  103 kB/s | 4.1 kB     00:00[0m
[1;32m==> amazon-ebs.rhel-8: Red Hat Ansible Engine 2 for RHEL 8 (RPMs) from  90 kB/s | 4.0 kB     00:00[0m
[1;32m==> amazon-ebs.rhel-8: RHUI Client Configuration Server 8               40 kB/s | 1.5 kB     00:00[0m
[1;32m==> amazon-ebs.rhel-8: Metadata cache created.[0m
[1;31m==> amazon-ebs.rhel-8: + sudo dnf -y -q --best install docker-ce docker-ce-cli containerd.io docker-compose-plugin docker-ce-rootless-extras docker-buildx-plugin docker-model-plugin[0m
[1;31m==> amazon-ebs.rhel-8: Importing GPG key 0x621E9F35:[0m
[1;31m==> amazon-ebs.rhel-8:  Userid     : "Docker Release (CE rpm) <docker@docker.com>"[0m
[1;31m==> amazon-ebs.rhel-8:  Fingerprint: 060A 61C5 1B55 8A7F 742B 77AA C52F EB6B 621E 9F35[0m
[1;31m==> amazon-ebs.rhel-8:  From       : https://download.docker.com/linux/rhel/gpg[0m
[1;32m==> amazon-ebs.rhel-8:[0m
[1;32m==> amazon-ebs.rhel-8: Installed:[0m
[1;32m==> amazon-ebs.rhel-8:   container-selinux-2:2.229.0-2.module+el8.10.0+23320+f7205097.noarch[0m
[1;32m==> amazon-ebs.rhel-8:   containerd.io-1.7.27-3.1.el8.x86_64[0m
[1;32m==> amazon-ebs.rhel-8:   docker-buildx-plugin-0.26.1-1.el8.x86_64[0m
[1;32m==> amazon-ebs.rhel-8:   docker-ce-3:28.3.3-1.el8.x86_64[0m
[1;32m==> amazon-ebs.rhel-8:   docker-ce-cli-1:28.3.3-1.el8.x86_64[0m
[1;32m==> amazon-ebs.rhel-8:   docker-ce-rootless-extras-28.3.3-1.el8.x86_64[0m
[1;32m==> amazon-ebs.rhel-8:   docker-compose-plugin-2.39.1-1.el8.x86_64[0m
[1;32m==> amazon-ebs.rhel-8:   docker-model-plugin-0.1.36-1.el8.x86_64[0m
[1;32m==> amazon-ebs.rhel-8:   fuse-common-3.3.0-19.el8.x86_64[0m
[1;32m==> amazon-ebs.rhel-8:   fuse-overlayfs-1.13-1.module+el8.10.0+23320+f7205097.x86_64[0m
[1;32m==> amazon-ebs.rhel-8:   fuse3-3.3.0-19.el8.x86_64[0m
[1;32m==> amazon-ebs.rhel-8:   fuse3-libs-3.3.0-19.el8.x86_64[0m
[1;32m==> amazon-ebs.rhel-8:   iptables-1.8.5-11.el8_9.x86_64[0m
[1;32m==> amazon-ebs.rhel-8:   iptables-libs-1.8.5-11.el8_9.x86_64[0m
[1;32m==> amazon-ebs.rhel-8:   libcgroup-0.41-19.el8.x86_64[0m
[1;32m==> amazon-ebs.rhel-8:   libibverbs-48.0-1.el8.x86_64[0m
[1;32m==> amazon-ebs.rhel-8:   libnetfilter_conntrack-1.0.6-5.el8.x86_64[0m
[1;32m==> amazon-ebs.rhel-8:   libnfnetlink-1.0.1-13.el8.x86_64[0m
[1;32m==> amazon-ebs.rhel-8:   libnftnl-1.2.2-3.el8.x86_64[0m
[1;32m==> amazon-ebs.rhel-8:   libpcap-14:1.9.1-5.el8.x86_64[0m
[1;32m==> amazon-ebs.rhel-8:   libslirp-4.4.0-2.module+el8.10.0+23320+f7205097.x86_64[0m
[1;32m==> amazon-ebs.rhel-8:   slirp4netns-1.2.3-1.module+el8.10.0+23320+f7205097.x86_64[0m
[1;32m==> amazon-ebs.rhel-8:[0m
[1;31m==> amazon-ebs.rhel-8: + sudo systemctl start docker[0m
[1;31m==> amazon-ebs.rhel-8: + sudo systemctl enable docker[0m
[1;31m==> amazon-ebs.rhel-8: Created symlink /etc/systemd/system/multi-user.target.wants/docker.service â†’ /usr/lib/systemd/system/docker.service.[0m
[1;31m==> amazon-ebs.rhel-8: + sudo usermod -aG docker ec2-user[0m
[1;31m==> amazon-ebs.rhel-8: + shutdown_ssh_session[0m
[1;31m==> amazon-ebs.rhel-8: + pkill -f sshd[0m
[1;32m==> amazon-ebs.rhel-8: Provisioning with shell script: /var/folders/9h/bj4nh9ss6pq0_2bkd39t0p0w0000gn/T/packer-shell3889786129[0m
[1;31m==> amazon-ebs.rhel-8: + ps ux[0m
[1;31m==> amazon-ebs.rhel-8: + id -Gn[0m
[1;32m==> amazon-ebs.rhel-8: USER         PID %CPU %MEM    VSZ   RSS TTY      STAT START   TIME COMMAND[0m
[1;32m==> amazon-ebs.rhel-8: ec2-user    4947  0.0  0.0  89560  9644 ?        Ss   05:22   0:00 /usr/lib/systemd/systemd --user[0m
[1;31m==> amazon-ebs.rhel-8: + sudo install -m 755 /tmp/setup.v2.sh /usr/local/bin/setup.v2.sh[0m
[1;32m==> amazon-ebs.rhel-8: ec2-user    4951  0.0  0.0 236892  5344 ?        S    05:22   0:00 (sd-pam)[0m
[1;32m==> amazon-ebs.rhel-8: ec2-user   13274  0.0  0.0 136904  6084 ?        S    05:24   0:00 sshd: ec2-user@notty[0m
[1;32m==> amazon-ebs.rhel-8: ec2-user   13808  0.0  0.0  12808  3240 ?        Ss   05:24   0:00 bash -c chmod +x /tmp/script_8561.sh; PACKER_BUILDER_TYPE='amazon-ebs' PACKER_BUILD_NAME='rhel-8'  /tmp/script_8561.sh[0m
[1;32m==> amazon-ebs.rhel-8: ec2-user   13858  0.0  0.0  12808  3060 ?        S    05:24   0:00 /bin/bash -ex /tmp/script_8561.sh[0m
[1;32m==> amazon-ebs.rhel-8: ec2-user   13863  0.0  0.0  47712  3804 ?        R    05:24   0:00 ps ux[0m
[1;32m==> amazon-ebs.rhel-8: ec2-user adm systemd-journal docker[0m
[1;32m==> amazon-ebs.rhel-8: Provisioning with shell script: /var/folders/9h/bj4nh9ss6pq0_2bkd39t0p0w0000gn/T/packer-shell1936452548[0m
[1;31m==> amazon-ebs.rhel-8: + setup.v2.sh --yes --install 11.1.2[0m
[1;31m==> amazon-ebs.rhel-8: #### setup.v2.sh - QueryPie Installer 25.09.1, /usr/bin/bash 4.4.20(1)-release on Linux x86_64 ####[0m
[1;31m==> amazon-ebs.rhel-8: ### Install QueryPie ###[0m
[1;31m==> amazon-ebs.rhel-8: # QP_VERSION: 11.1.2[0m
[1;31m==> amazon-ebs.rhel-8: # PACKAGE_VERSION: universal[0m
[1;31m==> amazon-ebs.rhel-8: #[0m
[1;31m==> amazon-ebs.rhel-8: ## Configure sudo privileges[0m
[1;31m==> amazon-ebs.rhel-8: #[0m
[1;31m==> amazon-ebs.rhel-8: # 'sudo' will be used for privileged commands.[0m
[1;31m==> amazon-ebs.rhel-8: #[0m
[1;31m==> amazon-ebs.rhel-8: ## Install Docker engine[0m
[1;31m==> amazon-ebs.rhel-8: #[0m
[1;31m==> amazon-ebs.rhel-8: # Docker is already installed at /usr/bin/docker[0m
[1;31m==> amazon-ebs.rhel-8: #[0m
[1;31m==> amazon-ebs.rhel-8: ## Verify Container Engine installation[0m
[1;31m==> amazon-ebs.rhel-8: #[0m
[1;31m==> amazon-ebs.rhel-8: # Docker is already running and functional.[0m
[1;31m==> amazon-ebs.rhel-8: [1;36m+ docker --version[0m[0m
[1;32m==> amazon-ebs.rhel-8: Docker version 28.3.3, build 980b856[0m
[1;31m==> amazon-ebs.rhel-8: #[0m
[1;31m==> amazon-ebs.rhel-8: ## Install Docker Compose tool[0m
[1;31m==> amazon-ebs.rhel-8: #[0m
[1;31m==> amazon-ebs.rhel-8: # Compose Tool, docker-compose is already installed at /usr/libexec/docker/cli-plugins/docker-compose[0m
[1;31m==> amazon-ebs.rhel-8: # Compose Tool is enabled as a plugin for docker[0m
[1;31m==> amazon-ebs.rhel-8: [1;36m+ docker compose version[0m[0m
[1;32m==> amazon-ebs.rhel-8: Docker Compose version v2.39.1[0m
[1;31m==> amazon-ebs.rhel-8: #[0m
[1;31m==> amazon-ebs.rhel-8: ## Install configuration files: docker-compose.yml, .env, and others[0m
[1;31m==> amazon-ebs.rhel-8: #[0m
[1;31m==> amazon-ebs.rhel-8: # Target directory is ./querypie/11.1.2/[0m
[1;31m==> amazon-ebs.rhel-8: [1;36m+ curl -fsSL https://dl.querypie.com/releases/compose/universal/package.tar.gz -o package.tar.gz[0m[0m
[1;31m==> amazon-ebs.rhel-8: [1;36m+ umask 0022[0m[0m
[1;31m==> amazon-ebs.rhel-8: [1;36m+ tar zxvf package.tar.gz -C ./querypie/11.1.2[0m[0m
[1;31m==> amazon-ebs.rhel-8: [1;36m+ rm package.tar.gz[0m[0m
[1;32m==> amazon-ebs.rhel-8: ./[0m
[1;32m==> amazon-ebs.rhel-8: ./nginx.d/[0m
[1;32m==> amazon-ebs.rhel-8: ./nginx.d/ssl.conf[0m
[1;32m==> amazon-ebs.rhel-8: ./nginx.d/.gitkeep[0m
[1;31m==> amazon-ebs.rhel-8: [1;36m+ sed -i.orig -e s#- \./mysql:/var/lib/mysql#- ../mysql:/var/lib/mysql# -e s#harbor.chequer.io/querypie/#docker.io/querypie/# -e s#docker.io/querypie/#docker.io/querypie/# -e s#source: /var/log/querypie#source: ../log# ./querypie/11.1.2/compose.yml[0m[0m
[1;32m==> amazon-ebs.rhel-8: ./README.md[0m
[1;32m==> amazon-ebs.rhel-8: ./systemd/[0m
[1;32m==> amazon-ebs.rhel-8: ./systemd/podman-querypie-database.service[0m
[1;32m==> amazon-ebs.rhel-8: ./systemd/podman-querypie-app.service[0m
[1;32m==> amazon-ebs.rhel-8: ./README.ja.md[0m
[1;31m==> amazon-ebs.rhel-8: [1;36m+ cp ./querypie/11.1.2/.env.template ./querypie/11.1.2/.env[0m[0m
[1;32m==> amazon-ebs.rhel-8: ./certs/[0m
[1;32m==> amazon-ebs.rhel-8: ./certs/.gitkeep[0m
[1;32m==> amazon-ebs.rhel-8: ./skip_command_config.json.example[0m
[1;32m==> amazon-ebs.rhel-8: ./logrotate[0m
[1;32m==> amazon-ebs.rhel-8: ./compose.yml[0m
[1;32m==> amazon-ebs.rhel-8: ./mysql_init/[0m
[1;32m==> amazon-ebs.rhel-8: ./mysql_init/init.sql[0m
[1;31m==> amazon-ebs.rhel-8: [1;36m+ sed -i.orig -e s#^VERSION=.*#VERSION=11.1.2# -e s#CABINET_DATA_DIR=/data#CABINET_DATA_DIR=../data# ./querypie/11.1.2/.env[0m[0m
[1;32m==> amazon-ebs.rhel-8: ./.env.template[0m
[1;32m==> amazon-ebs.rhel-8: ./skip_command_config.json[0m
[1;32m==> amazon-ebs.rhel-8: ./.gitignore[0m
[1;32m==> amazon-ebs.rhel-8: ./README.ko.md[0m
[1;32m==> amazon-ebs.rhel-8: ./novac-compose.yml[0m
[1;31m==> amazon-ebs.rhel-8: [1;36m+ mkdir -p ./querypie/mysql[0m[0m
[1;31m==> amazon-ebs.rhel-8: [1;36m+ mkdir -p ./querypie/log[0m[0m
[1;31m==> amazon-ebs.rhel-8: [1;36m+ sudo cp ./querypie/11.1.2/logrotate /etc/logrotate.d/docker-querypie[0m[0m
[1;31m==> amazon-ebs.rhel-8: #[0m
[1;31m==> amazon-ebs.rhel-8: ## Verify SELinux settings[0m
[1;31m==> amazon-ebs.rhel-8: #[0m
[1;31m==> amazon-ebs.rhel-8: # SELinux is installed on this system.[0m
[1;31m==> amazon-ebs.rhel-8: # SELinux is enabled on this system.[0m
[1;32m==> amazon-ebs.rhel-8: unconfined_u:object_r:user_home_t:s0 ./querypie[0m
[1;31m==> amazon-ebs.rhel-8: # The current mode of SELinux is enforcing.[0m
[1;31m==> amazon-ebs.rhel-8: ## You may need to change the SELinux context of the ./querypie directory.[0m
[1;31m==> amazon-ebs.rhel-8: # A more permissive SELinux context (container_file_t) is required for ./querypie.[0m
[1;31m==> amazon-ebs.rhel-8: [1;36m+ ls -dZ ./querypie[0m[0m
[1;31m==> amazon-ebs.rhel-8: # The following sudo command is recommended:[0m
[1;32m==> amazon-ebs.rhel-8: Do you agree? [y/N] : yes[0m
[1;31m==> amazon-ebs.rhel-8: #   sudo chcon -Rt container_file_t ./querypie[0m
[1;31m==> amazon-ebs.rhel-8: # Without this change, you may encounter container errors.[0m
[1;31m==> amazon-ebs.rhel-8: Do you want to run the above sudo chcon -Rt container_file_t ./querypie command?[0m
[1;31m==> amazon-ebs.rhel-8: [1;36m+ sudo chcon -Rt container_file_t ./querypie[0m[0m
[1;32m==> amazon-ebs.rhel-8: ~/querypie/11.1.2 ~[0m
[1;31m==> amazon-ebs.rhel-8: #[0m
[1;31m==> amazon-ebs.rhel-8: ## No ./offline/images.txt file found. Skipping loading Docker images from tarball files.[0m
[1;31m==> amazon-ebs.rhel-8: #[0m
[1;31m==> amazon-ebs.rhel-8: ## Configure the .env file in ./querypie/11.1.2/[0m
[1;31m==> amazon-ebs.rhel-8: [1;36m+ pushd ./querypie/11.1.2/[0m[0m
[1;31m==> amazon-ebs.rhel-8: # Generating Docker environment file from .env to /tmp/env_file.OT3nvc[0m
[1;31m==> amazon-ebs.rhel-8: # Replacing original file .env with generated file /tmp/env_file.OT3nvc[0m
[1;31m==> amazon-ebs.rhel-8: [1;36m+ docker compose --profile database --profile querypie --profile tools pull --quiet[0m[0m
[1;31m==> amazon-ebs.rhel-8:  redis Pulling[0m
[1;31m==> amazon-ebs.rhel-8:  tools Pulling[0m
[1;31m==> amazon-ebs.rhel-8:  app Pulling[0m
[1;31m==> amazon-ebs.rhel-8:  mysql Pulling[0m
[1;31m==> amazon-ebs.rhel-8:  redis Pulled[0m
[1;31m==> amazon-ebs.rhel-8:  tools Pulled[0m
[1;31m==> amazon-ebs.rhel-8:  app Pulled[0m
[1;31m==> amazon-ebs.rhel-8:  mysql Pulled[0m
[1;31m==> amazon-ebs.rhel-8: ## Start MySQL and Redis services for QueryPie[0m
[1;31m==> amazon-ebs.rhel-8: [1;36m+ docker compose --profile database up --detach[0m[0m
[1;31m==> amazon-ebs.rhel-8:  Network querypie_database  Creating[0m
[1;31m==> amazon-ebs.rhel-8:  Network querypie_database  Created[0m
[1;31m==> amazon-ebs.rhel-8:  Container querypie-redis-1  Creating[0m
[1;31m==> amazon-ebs.rhel-8:  Container querypie-mysql-1  Creating[0m
[1;31m==> amazon-ebs.rhel-8:  Container querypie-mysql-1  Created[0m
[1;31m==> amazon-ebs.rhel-8:  Container querypie-redis-1  Created[0m
[1;31m==> amazon-ebs.rhel-8:  Container querypie-mysql-1  Starting[0m
[1;31m==> amazon-ebs.rhel-8:  Container querypie-redis-1  Starting[0m
[1;31m==> amazon-ebs.rhel-8:  Container querypie-redis-1  Started[0m
[1;31m==> amazon-ebs.rhel-8:  Container querypie-mysql-1  Started[0m
[1;31m==> amazon-ebs.rhel-8: [1;36m+ sleep 20[0m[0m
[1;31m==> amazon-ebs.rhel-8: [1;36m+ docker compose --profile tools up --detach[0m[0m
[1;31m==> amazon-ebs.rhel-8:  Network querypie_tools  Creating[0m
[1;31m==> amazon-ebs.rhel-8:  Network querypie_tools  Created[0m
[1;31m==> amazon-ebs.rhel-8:  Container querypie-tools-1  Creating[0m
[1;31m==> amazon-ebs.rhel-8:  Container querypie-tools-1  Created[0m
[1;31m==> amazon-ebs.rhel-8:  Container querypie-tools-1  Starting[0m
[1;31m==> amazon-ebs.rhel-8:  Container querypie-tools-1  Started[0m
[1;31m==> amazon-ebs.rhel-8: [1;36m+ tools::wait_and_print_banner[0m[0m
[1;31m==> amazon-ebs.rhel-8: ## Run migrate.sh to initialize MySQL database for QueryPie[0m
[1;31m==> amazon-ebs.rhel-8: # This process may take more than a minute if this is the first installation.[0m
[1;32m==> amazon-ebs.rhel-8: .--------------------------------------------------------.[0m
[1;31m==> amazon-ebs.rhel-8: [1;36m+ docker exec querypie-tools-1 /app/script/migrate.sh runall[0m[0m
[1;32m==> amazon-ebs.rhel-8: |  ðŸš€ QueryPie Tools has been successfully started! ðŸš€   |[0m
[1;32m==> amazon-ebs.rhel-8: |  Timestamp in UTC: Tue Sep  2 05:25:54 UTC 2025        |[0m
[1;32m==> amazon-ebs.rhel-8: |  Timestamp in KST: Tue Sep  2 14:25:54 KST 2025        |[0m
[1;32m==> amazon-ebs.rhel-8: '--------------------------------------------------------'[0m
[1;31m==> amazon-ebs.rhel-8: .......................................................................................................................................................................................................................................................................................................................................................................................................................................................................................................................................................................................................................................................................................................................................................................................................................................................................................................................................................................................................................................................................................................................................................................................................................................................................................................................................... Done.[0m
[1;31m==> amazon-ebs.rhel-8: [1;36m+ docker exec querypie-tools-1 /app/script/migrate.sh runall[0m[0m
[1;32m==> amazon-ebs.rhel-8: --------------------------------------------------------------------------------[0m
[1;32m==> amazon-ebs.rhel-8: [2025-09-02 05:27:35] Tools server is ready.[0m
[1;32m==> amazon-ebs.rhel-8: --------------------------------------------------------------------------------[0m
[1;32m==> amazon-ebs.rhel-8: [2025-09-02 05:27:35] QueryPie migration is started.[0m
[1;32m==> amazon-ebs.rhel-8: --------------------------------------------------------------------------------[0m
[1;32m==> amazon-ebs.rhel-8: [2025-09-02 05:27:35] QueryPie migration is finished.[0m
[1;32m==> amazon-ebs.rhel-8: --------------------------------------------------------------------------------[0m
[1;32m==> amazon-ebs.rhel-8: [2025-09-02 05:27:35] QueryPie Log migration is started.[0m
[1;32m==> amazon-ebs.rhel-8: --------------------------------------------------------------------------------[0m
[1;31m==> amazon-ebs.rhel-8: [1;36m+ docker compose --profile tools down[0m[0m
[1;32m==> amazon-ebs.rhel-8: [2025-09-02 05:27:35] QueryPie Log migration is finished.[0m
[1;32m==> amazon-ebs.rhel-8: --------------------------------------------------------------------------------[0m
[1;32m==> amazon-ebs.rhel-8: [2025-09-02 05:27:35] QueryPie Snapshot migration is started.[0m
[1;32m==> amazon-ebs.rhel-8: --------------------------------------------------------------------------------[0m
[1;32m==> amazon-ebs.rhel-8: [2025-09-02 05:27:35] QueryPie Snapshot migration is finished.[0m
[1;32m==> amazon-ebs.rhel-8: --------------------------------------------------------------------------------[0m
[1;31m==> amazon-ebs.rhel-8:  Container querypie-tools-1  Stopping[0m
[1;31m==> amazon-ebs.rhel-8:  Container querypie-tools-1  Stopped[0m
[1;31m==> amazon-ebs.rhel-8:  Container querypie-tools-1  Removing[0m
[1;31m==> amazon-ebs.rhel-8:  Container querypie-tools-1  Removed[0m
[1;31m==> amazon-ebs.rhel-8:  Network querypie_tools  Removing[0m
[1;31m==> amazon-ebs.rhel-8:  Network querypie_tools  Removed[0m
[1;31m==> amazon-ebs.rhel-8: ## Start the QueryPie container (initialization takes about 2 minutes)[0m
[1;31m==> amazon-ebs.rhel-8: [1;36m+ docker compose --profile querypie up --detach[0m[0m
[1;31m==> amazon-ebs.rhel-8:  Network querypie_app  Creating[0m
[1;31m==> amazon-ebs.rhel-8:  Network querypie_app  Created[0m
[1;31m==> amazon-ebs.rhel-8:  Container querypie-app-1  Creating[0m
[1;31m==> amazon-ebs.rhel-8:  Container querypie-app-1  Created[0m
[1;31m==> amazon-ebs.rhel-8:  Container querypie-app-1  Starting[0m
[1;31m==> amazon-ebs.rhel-8:  Container querypie-app-1  Started[0m
[1;31m==> amazon-ebs.rhel-8: [1;36m+ docker exec querypie-app-1 readyz[0m[0m
[1;31m==> amazon-ebs.rhel-8: [1;36m+ popd[0m[0m
[1;32m==> amazon-ebs.rhel-8: ########################################################################[0m
[1;31m==> amazon-ebs.rhel-8: ## Create a symbolic link 'current' pointing to 11.1.2[0m
[1;31m==> amazon-ebs.rhel-8: [1;36m+ pushd ./querypie/[0m[0m
[1;32m==> amazon-ebs.rhel-8: #                                                                      #[0m
[1;32m==> amazon-ebs.rhel-8: #     â–ˆâ–ˆâ–ˆâ–ˆâ–ˆâ–ˆâ•— â–ˆâ–ˆâ•—   â–ˆâ–ˆâ•—â–ˆâ–ˆâ–ˆâ–ˆâ–ˆâ–ˆâ–ˆâ•—â–ˆâ–ˆâ–ˆâ–ˆâ–ˆâ–ˆâ•— â–ˆâ–ˆâ•—   â–ˆâ–ˆâ•—â–ˆâ–ˆâ–ˆâ–ˆâ–ˆâ–ˆâ•— â–ˆâ–ˆâ•—â–ˆâ–ˆâ–ˆâ–ˆâ–ˆâ–ˆâ–ˆâ•—    #[0m
[1;32m==> amazon-ebs.rhel-8: #    â–ˆâ–ˆâ•”â•â•â•â–ˆâ–ˆâ•—â–ˆâ–ˆâ•‘   â–ˆâ–ˆâ•‘â–ˆâ–ˆâ•”â•â•â•â•â•â–ˆâ–ˆâ•”â•â•â–ˆâ–ˆâ•—â•šâ–ˆâ–ˆâ•— â–ˆâ–ˆâ•”â•â–ˆâ–ˆâ•”â•â•â–ˆâ–ˆâ•—â–ˆâ–ˆâ•‘â–ˆâ–ˆâ•”â•â•â•â•â•    #[0m
[1;32m==> amazon-ebs.rhel-8: #    â–ˆâ–ˆâ•‘   â–ˆâ–ˆâ•‘â–ˆâ–ˆâ•‘   â–ˆâ–ˆâ•‘â–ˆâ–ˆâ–ˆâ–ˆâ–ˆâ•—  â–ˆâ–ˆâ–ˆâ–ˆâ–ˆâ–ˆâ•”â• â•šâ–ˆâ–ˆâ–ˆâ–ˆâ•”â• â–ˆâ–ˆâ–ˆâ–ˆâ–ˆâ–ˆâ•”â•â–ˆâ–ˆâ•‘â–ˆâ–ˆâ–ˆâ–ˆâ–ˆâ•—      #[0m
[1;32m==> amazon-ebs.rhel-8: #    â–ˆâ–ˆâ•‘â–„â–„ â–ˆâ–ˆâ•‘â–ˆâ–ˆâ•‘   â–ˆâ–ˆâ•‘â–ˆâ–ˆâ•”â•â•â•  â–ˆâ–ˆâ•”â•â•â–ˆâ–ˆâ•—  â•šâ–ˆâ–ˆâ•”â•  â–ˆâ–ˆâ•”â•â•â•â• â–ˆâ–ˆâ•‘â–ˆâ–ˆâ•”â•â•â•      #[0m
[1;32m==> amazon-ebs.rhel-8: #    â•šâ–ˆâ–ˆâ–ˆâ–ˆâ–ˆâ–ˆâ•”â•â•šâ–ˆâ–ˆâ–ˆâ–ˆâ–ˆâ–ˆâ•”â•â–ˆâ–ˆâ–ˆâ–ˆâ–ˆâ–ˆâ–ˆâ•—â–ˆâ–ˆâ•‘  â–ˆâ–ˆâ•‘   â–ˆâ–ˆâ•‘   â–ˆâ–ˆâ•‘     â–ˆâ–ˆâ•‘â–ˆâ–ˆâ–ˆâ–ˆâ–ˆâ–ˆâ–ˆâ•—    #[0m
[1;32m==> amazon-ebs.rhel-8: #     â•šâ•â•â–€â–€â•â•  â•šâ•â•â•â•â•â• â•šâ•â•â•â•â•â•â•â•šâ•â•  â•šâ•â•   â•šâ•â•   â•šâ•â•     â•šâ•â•â•šâ•â•â•â•â•â•â•    #[0m
[1;32m==> amazon-ebs.rhel-8: #                                                                      #[0m
[1;32m==> amazon-ebs.rhel-8: ########################################################################[0m
[1;32m==> amazon-ebs.rhel-8: .--------------------------------------------------------.[0m
[1;32m==> amazon-ebs.rhel-8: |  ðŸš€ QueryPie Server has been successfully started! ðŸš€  |[0m
[1;32m==> amazon-ebs.rhel-8: |  Timestamp in UTC: Tue Sep  2 05:29:32 UTC 2025        |[0m
[1;32m==> amazon-ebs.rhel-8: |  Timestamp in KST: Tue Sep  2 14:29:32 KST 2025        |[0m
[1;32m==> amazon-ebs.rhel-8: '--------------------------------------------------------'[0m
[1;32m==> amazon-ebs.rhel-8: ~[0m
[1;31m==> amazon-ebs.rhel-8: [1;36m+ rm -f current[0m[0m
[1;31m==> amazon-ebs.rhel-8: [1;36m+ ln -s 11.1.2 current[0m[0m
[1;31m==> amazon-ebs.rhel-8: [1;36m+ popd[0m[0m
[1;31m==> amazon-ebs.rhel-8: ## Skip enabling systemd service for rootless Podman since Docker is used.[0m
[1;31m==> amazon-ebs.rhel-8: ### Installation completed successfully[0m
[1;32m==> amazon-ebs.rhel-8: ~/querypie ~[0m
[1;32m==> amazon-ebs.rhel-8: ~[0m
[1;31m==> amazon-ebs.rhel-8: ### Access QueryPie at http://172.31.37.70:8000 or https://172.31.37.70:8443 in your browser[0m
[1;31m==> amazon-ebs.rhel-8: ### Determine the public IP address of your host machine if needed[0m
[1;31m==> amazon-ebs.rhel-8: + setup.v2.sh --verify-installation[0m
[1;31m==> amazon-ebs.rhel-8: #### setup.v2.sh - QueryPie Installer 25.09.1, /usr/bin/bash 4.4.20(1)-release on Linux x86_64 ####[0m
[1;31m==> amazon-ebs.rhel-8: #[0m
[1;31m==> amazon-ebs.rhel-8: ### Verify the installation[0m
[1;31m==> amazon-ebs.rhel-8: #[0m
[1;31m==> amazon-ebs.rhel-8: #[0m
[1;31m==> amazon-ebs.rhel-8: ## Verify Container Engine installation[0m
[1;31m==> amazon-ebs.rhel-8: #[0m
[1;31m==> amazon-ebs.rhel-8: # Docker is already running and functional.[0m
[1;31m==> amazon-ebs.rhel-8: # Container version: 11.1.2[0m
[1;31m==> amazon-ebs.rhel-8: # Current of ./querypie/current: 11.1.2[0m
[1;31m==> amazon-ebs.rhel-8: # The container version is the same as the current version.[0m
[1;31m==> amazon-ebs.rhel-8: # The installation looks good so far.[0m
[1;31m==> amazon-ebs.rhel-8: ## Verify the QueryPie app container is running properly[0m
[1;31m==> amazon-ebs.rhel-8: # QueryPie app container, querypie-app-1 is running.[0m
[1;31m==> amazon-ebs.rhel-8: # QueryPie version: 11.1.2[0m
[1;31m==> amazon-ebs.rhel-8: [1;36m+ docker exec querypie-app-1 readyz wait[0m[0m
[1;31m==> amazon-ebs.rhel-8: # QueryPie app container, querypie-app-1 is ready for service.[0m
[1;31m==> amazon-ebs.rhel-8: ## Installation verification completed successfully.[0m
[1;32m==> amazon-ebs.rhel-8: Provisioning with shell script: /var/folders/9h/bj4nh9ss6pq0_2bkd39t0p0w0000gn/T/packer-shell2161218359[0m
[1;31m==> amazon-ebs.rhel-8: + sudo reboot[0m
[1;32m==> amazon-ebs.rhel-8: Pausing 30s before the next provisioner...[0m
[1;32m==> amazon-ebs.rhel-8: Provisioning with shell script: /var/folders/9h/bj4nh9ss6pq0_2bkd39t0p0w0000gn/T/packer-shell3692009638[0m
[1;31m==> amazon-ebs.rhel-8: + setup.v2.sh --verify-installation[0m
[1;31m==> amazon-ebs.rhel-8: #### setup.v2.sh - QueryPie Installer 25.09.1, /usr/bin/bash 4.4.20(1)-release on Linux x86_64 ####[0m
[1;31m==> amazon-ebs.rhel-8: #[0m
[1;31m==> amazon-ebs.rhel-8: ### Verify the installation[0m
[1;31m==> amazon-ebs.rhel-8: #[0m
[1;31m==> amazon-ebs.rhel-8: #[0m
[1;31m==> amazon-ebs.rhel-8: ## Verify Container Engine installation[0m
[1;31m==> amazon-ebs.rhel-8: #[0m
[1;31m==> amazon-ebs.rhel-8: # Docker is already running and functional.[0m
[1;31m==> amazon-ebs.rhel-8: # Container version: 11.1.2[0m
[1;31m==> amazon-ebs.rhel-8: # Current of ./querypie/current: 11.1.2[0m
[1;31m==> amazon-ebs.rhel-8: # The container version is the same as the current version.[0m
[1;31m==> amazon-ebs.rhel-8: # The installation looks good so far.[0m
[1;31m==> amazon-ebs.rhel-8: ## Verify the QueryPie app container is running properly[0m
[1;31m==> amazon-ebs.rhel-8: # QueryPie app container, querypie-app-1 is running.[0m
[1;31m==> amazon-ebs.rhel-8: # QueryPie version: 11.1.2[0m
[1;31m==> amazon-ebs.rhel-8: [1;36m+ docker exec querypie-app-1 readyz wait[0m[0m
[1;31m==> amazon-ebs.rhel-8: # QueryPie app container, querypie-app-1 is ready for service.[0m
[1;31m==> amazon-ebs.rhel-8: ## Installation verification completed successfully.[0m
[1;32m==> amazon-ebs.rhel-8: Skipping AMI creation...[0m
[1;32m==> amazon-ebs.rhel-8: Skipping AMI region copy...[0m
[1;32m==> amazon-ebs.rhel-8: Skipping fast-launch template setup...[0m
[1;32m==> amazon-ebs.rhel-8: Skipping Enable AMI deprecation...[0m
[1;32m==> amazon-ebs.rhel-8: Skipping Enable AMI deregistration protection...[0m
[1;32m==> amazon-ebs.rhel-8: Skipping AMI modify attributes...[0m
[1;32m==> amazon-ebs.rhel-8: Skipping AMI create tags...[0m
[1;32m==> amazon-ebs.rhel-8: Terminating the source AWS instance...[0m
[1;32m==> amazon-ebs.rhel-8: Cleaning up any extra volumes...[0m
[1;32m==> amazon-ebs.rhel-8: No volumes to clean up, skipping[0m
[1;32m==> amazon-ebs.rhel-8: Deleting temporary security group...[0m
[1;32m==> amazon-ebs.rhel-8: Deleting temporary keypair...[0m
[1;32mBuild 'amazon-ebs.rhel-8' finished after 10 minutes 59 seconds.[0m

==> Wait completed after 10 minutes 59 seconds

==> Builds finished but no artifacts were created.
